2025-06-04 18:56:43,724 - utils.logger - INFO - Logging initialized. Log file: logs\survey_automation_20250604_185643.log
2025-06-04 18:56:43,726 - utils.logger - INFO - Starting GUI mode
2025-06-04 18:56:46,347 - core.worker - INFO - Agent Mode - Runs: 1, Threads: 3, Submit: False
2025-06-04 18:56:48,271 - core.automation - INFO - Starting survey - Date: 04/06/2025, Location: Manly, Submit: No
2025-06-04 18:56:48,271 - core.pageHandlers.basePage - INFO - Page1Handler - Starting page processing
2025-06-04 18:56:50,198 - core.pageHandlers.page1 - INFO - Clicked 'Start Survey' button
2025-06-04 18:56:50,198 - core.pageHandlers.basePage - INFO - Page1Handler - Page processing completed
2025-06-04 18:56:50,199 - core.pageHandlers.basePage - INFO - Page2Handler - Starting page processing
2025-06-04 18:56:50,305 - core.pageHandlers.page2 - INFO - Date selected: 2025-06-04
2025-06-04 18:56:50,365 - core.pageHandlers.page2 - INFO - Time period selected: Evening (6pm – 11pm)
2025-06-04 18:56:50,415 - core.pageHandlers.page2 - INFO - State selected: NSW
2025-06-04 18:56:51,491 - core.utils.pageUtils - INFO - Clicked 'Next' button
2025-06-04 18:56:51,491 - core.pageHandlers.basePage - INFO - Page2Handler - Page processing completed
2025-06-04 18:56:51,492 - core.pageHandlers.basePage - INFO - Page3Handler - Starting page processing
2025-06-04 18:56:51,555 - core.pageHandlers.page3 - INFO - Location selected: Manly
2025-06-04 18:56:51,612 - core.utils.pageUtils - INFO - Clicked 'Next' button
2025-06-04 18:56:51,612 - core.pageHandlers.basePage - INFO - Page3Handler - Page processing completed
2025-06-04 18:56:51,612 - core.pageHandlers.basePage - INFO - Page4Handler - Starting page processing
2025-06-04 18:56:54,555 - core.pageHandlers.page4 - INFO - Selecting dining option: QuestionAnswers_5067953_31734368
2025-06-04 18:56:54,707 - core.utils.pageUtils - INFO - Clicked 'Next' button
2025-06-04 18:56:54,707 - core.pageHandlers.basePage - INFO - Page4Handler - Page processing completed
2025-06-04 18:56:54,708 - core.pageHandlers.basePage - INFO - Page5Handler - Starting page processing
